<?xml version="1.0" encoding="UTF-8"?>
<testsuite name="bestbuy.serviceinfo.ServiceCurdInfo" time="16.323" tests="4" errors="4" skipped="0" failures="0">
  <properties>
[...]
</properties>
  <testcase name="test001" classname="bestbuy.serviceinfo.ServiceCurdInfo" time="4.073">
    <error type="java.lang.NullPointerException:">java.lang.NullPointerException: null
	at io.restassured.internal.print.ResponsePrinter.print(ResponsePrinter.java:46)
	at io.restassured.internal.ValidatableResponseOptionsImpl.logResponse(ValidatableResponseOptionsImpl.java:423)
	at io.restassured.internal.ValidatableResponseOptionsImpl.logResponse(ValidatableResponseOptionsImpl.java:419)
	at io.restassured.internal.ValidatableResponseOptionsImpl.logResponse(ValidatableResponseOptionsImpl.java:415)
	at io.restassured.internal.ValidatableResponseOptionsImpl.all(ValidatableResponseOptionsImpl.java:371)
	at bestbuy.serviceinfo.ServiceCurdInfo.test001(ServiceCurdInfo.java:26)
</error>
    <system-out><![CDATA[Request method:	POST
Request URI:	http://localhost:3030/services
Proxy:			<none>
Request params:	<none>
Query params:	<none>
Form params:	<none>
Path params:	<none>
Multiparts:		<none>
Headers:		Accept=*/*
				Content-Type=application/json; charset=UTF-8
Cookies:		<none>
Body:
{
    "name": "kiya"
}
]]></system-out>
    <system-err><![CDATA[40894 [main] ERROR net.serenitybdd.core.Serenity - 
           __  _____ _____ ____ _____   _____ _    ___ _     _____ ____  
  _       / / |_   _| ____/ ___|_   _| |  ___/ \  |_ _| |   | ____|  _ \ 
 (_)_____| |    | | |  _| \___ \ | |   | |_ / _ \  | || |   |  _| | | | |
  _|_____| |    | | | |___ ___) || |   |  _/ ___ \ | || |___| |___| |_| |
 (_)     | |    |_| |_____|____/ |_|   |_|/_/   \_\___|_____|_____|____/ 
          \_\                                                            

TEST FAILED WITH ERROR: This will delete product 
---------------------------------------------------------------------
40894 [main] ERROR net.serenitybdd.core.Serenity - TEST FAILED AT STEP DELETE
40894 [main] ERROR net.serenitybdd.core.Serenity - Some exception during recording fields
40898 [pool-3-thread-2] INFO net.thucydides.core.reports.json.JSONTestOutcomeReporter - Generating JSON report for This will fatch the product by id  to file C:\Users\pkinj\IdeaProjects\best_buy_api_serenity_project\target\site\serenity\3f909185b3eee5e6b9e0283c3b845d9ee1bb64962409ec2f3f7b463b7685f8dc.json (using temp file C:\Users\pkinj\IdeaProjects\best_buy_api_serenity_project\target\site\serenity\3f909185b3eee5e6b9e0283c3b845d9ee1bb64962409ec2f3f7b463b7685f8dc.json2001f54c-3783-48d5-8517-f151053049ad)
40898 [pool-3-thread-3] INFO net.thucydides.core.reports.json.JSONTestOutcomeReporter - Generating JSON report for this will update  product  to file C:\Users\pkinj\IdeaProjects\best_buy_api_serenity_project\target\site\serenity\8cfc44c811c3676ffff70f53410e6e8c156314abd7415c8bbc9fffdedb96421d.json (using temp file C:\Users\pkinj\IdeaProjects\best_buy_api_serenity_project\target\site\serenity\8cfc44c811c3676ffff70f53410e6e8c156314abd7415c8bbc9fffdedb96421d.json119be468-809d-4496-b19c-f38d402b8211)
40898 [pool-3-thread-4] INFO net.thucydides.core.reports.json.JSONTestOutcomeReporter - Generating JSON report for This will delete product  to file C:\Users\pkinj\IdeaProjects\best_buy_api_serenity_project\target\site\serenity\be9862f7ca550702e39681491d5d63e0fdfdf5451e81ba8fe3bd23f1d33b0db2.json (using temp file C:\Users\pkinj\IdeaProjects\best_buy_api_serenity_project\target\site\serenity\be9862f7ca550702e39681491d5d63e0fdfdf5451e81ba8fe3bd23f1d33b0db2.json28f92237-506d-4306-9936-995fcd69ae5b)
40910 [pool-3-thread-1] INFO net.thucydides.core.reports.json.JSONTestOutcomeReporter - Generating JSON report for this will creat new product  to file C:\Users\pkinj\IdeaProjects\best_buy_api_serenity_project\target\site\serenity\3238ce7ee425631f67992cb298796d4da2b0ced64c30418f3003092444eb6cda.json (using temp file C:\Users\pkinj\IdeaProjects\best_buy_api_serenity_project\target\site\serenity\3238ce7ee425631f67992cb298796d4da2b0ced64c30418f3003092444eb6cda.jsonaab7aed3-1ae6-486e-8f81-d933a101ecd9)
40951 [pool-4-thread-1] INFO net.thucydides.core.reports.html.HtmlAcceptanceTestReporter - GENERATING HTML REPORT FOR Product curd test:test001 in 3238ce7ee425631f67992cb298796d4da2b0ced64c30418f3003092444eb6cda.html in directory target\site\serenity  
40953 [pool-4-thread-3] INFO net.thucydides.core.reports.html.HtmlAcceptanceTestReporter - GENERATING HTML REPORT FOR Product curd test:test003 in 8cfc44c811c3676ffff70f53410e6e8c156314abd7415c8bbc9fffdedb96421d.html in directory target\site\serenity  
40954 [pool-4-thread-2] INFO net.thucydides.core.reports.html.HtmlAcceptanceTestReporter - GENERATING HTML REPORT FOR Product curd test:test002 in 3f909185b3eee5e6b9e0283c3b845d9ee1bb64962409ec2f3f7b463b7685f8dc.html in directory target\site\serenity  
40955 [pool-4-thread-4] INFO net.thucydides.core.reports.html.HtmlAcceptanceTestReporter - GENERATING HTML REPORT FOR Product curd test:test004 in be9862f7ca550702e39681491d5d63e0fdfdf5451e81ba8fe3bd23f1d33b0db2.html in directory target\site\serenity  
41034 [main] INFO net.serenitybdd.core.Serenity - Test Suite Started: Service curd info
41035 [main] INFO net.serenitybdd.core.Serenity - 
 _____ _____ ____ _____   ____ _____  _    ____ _____ _____ ____  
|_   _| ____/ ___|_   _| / ___|_   _|/ \  |  _ \_   _| ____|  _ \ 
  | | |  _| \___ \ | |   \___ \ | | / _ \ | |_) || | |  _| | | | |
  | | | |___ ___) || |    ___) || |/ ___ \|  _ < | | | |___| |_| |
  |_| |_____|____/ |_|   |____/ |_/_/   \_\_| \_\|_| |_____|____/ 
                                                                  

TEST STARTED: test001
-------------------------------------------------------------------
41035 [main] INFO net.serenitybdd.core.Serenity - TEST NUMBER: 9
]]></system-err>
  </testcase>
  <testcase name="test002" classname="bestbuy.serviceinfo.ServiceCurdInfo" time="4.091">
    <error type="java.lang.NullPointerException:">java.lang.NullPointerException: null
	at io.restassured.internal.print.ResponsePrinter.print(ResponsePrinter.java:46)
	at io.restassured.internal.ValidatableResponseOptionsImpl.logResponse(ValidatableResponseOptionsImpl.java:423)
	at io.restassured.internal.ValidatableResponseOptionsImpl.logResponse(ValidatableResponseOptionsImpl.java:419)
	at io.restassured.internal.ValidatableResponseOptionsImpl.logResponse(ValidatableResponseOptionsImpl.java:415)
	at io.restassured.internal.ValidatableResponseOptionsImpl.all(ValidatableResponseOptionsImpl.java:371)
	at bestbuy.serviceinfo.ServiceCurdInfo.test002(ServiceCurdInfo.java:35)
</error>
    <system-out><![CDATA[Request method:	GET
Request URI:	http://localhost:3030/services/0
Proxy:			<none>
Request params:	<none>
Query params:	<none>
Form params:	<none>
Path params:	serviceID=0
Multiparts:		<none>
Headers:		Accept=*/*
Cookies:		<none>
Body:			<none>
]]></system-out>
    <system-err><![CDATA[45148 [main] ERROR net.serenitybdd.core.Serenity - 
           __  _____ _____ ____ _____   _____ _    ___ _     _____ ____  
  _       / / |_   _| ____/ ___|_   _| |  ___/ \  |_ _| |   | ____|  _ \ 
 (_)_____| |    | | |  _| \___ \ | |   | |_ / _ \  | || |   |  _| | | | |
  _|_____| |    | | | |___ ___) || |   |  _/ ___ \ | || |___| |___| |_| |
 (_)     | |    |_| |_____|____/ |_|   |_|/_/   \_\___|_____|_____|____/ 
          \_\                                                            

TEST FAILED WITH ERROR: this will creat service0
---------------------------------------------------------------------
45149 [main] ERROR net.serenitybdd.core.Serenity - TEST FAILED AT STEP POST
45149 [main] ERROR net.serenitybdd.core.Serenity - Some exception during recording fields
45151 [main] INFO net.serenitybdd.core.Serenity - 
 _____ _____ ____ _____   ____ _____  _    ____ _____ _____ ____  
|_   _| ____/ ___|_   _| / ___|_   _|/ \  |  _ \_   _| ____|  _ \ 
  | | |  _| \___ \ | |   \___ \ | | / _ \ | |_) || | |  _| | | | |
  | | | |___ ___) || |    ___) || |/ ___ \|  _ < | | | |___| |_| |
  |_| |_____|____/ |_|   |____/ |_/_/   \_\_| \_\|_| |_____|____/ 
                                                                  

TEST STARTED: test002
-------------------------------------------------------------------
45151 [main] INFO net.serenitybdd.core.Serenity - TEST NUMBER: 10
]]></system-err>
  </testcase>
  <testcase name="test003" classname="bestbuy.serviceinfo.ServiceCurdInfo" time="4.064">
    <error type="java.lang.NullPointerException:">java.lang.NullPointerException: null
	at io.restassured.internal.print.ResponsePrinter.print(ResponsePrinter.java:46)
	at io.restassured.internal.ValidatableResponseOptionsImpl.logResponse(ValidatableResponseOptionsImpl.java:423)
	at io.restassured.internal.ValidatableResponseOptionsImpl.logResponse(ValidatableResponseOptionsImpl.java:419)
	at io.restassured.internal.ValidatableResponseOptionsImpl.logResponse(ValidatableResponseOptionsImpl.java:415)
	at io.restassured.internal.ValidatableResponseOptionsImpl.all(ValidatableResponseOptionsImpl.java:371)
	at bestbuy.serviceinfo.ServiceCurdInfo.test003(ServiceCurdInfo.java:45)
</error>
    <system-out><![CDATA[Request method:	PATCH
Request URI:	http://localhost:3030/services/0
Proxy:			<none>
Request params:	<none>
Query params:	<none>
Form params:	<none>
Path params:	serviceID=0
Multiparts:		<none>
Headers:		Accept=*/*
				Content-Type=application/json; charset=UTF-8
Cookies:		<none>
Body:
{
    "name": "kiyaupadated_01"
}
]]></system-out>
    <system-err><![CDATA[49242 [main] ERROR net.serenitybdd.core.Serenity - 
           __  _____ _____ ____ _____   _____ _    ___ _     _____ ____  
  _       / / |_   _| ____/ ___|_   _| |  ___/ \  |_ _| |   | ____|  _ \ 
 (_)_____| |    | | |  _| \___ \ | |   | |_ / _ \  | || |   |  _| | | | |
  _|_____| |    | | | |___ ___) || |   |  _/ ___ \ | || |___| |___| |_| |
 (_)     | |    |_| |_____|____/ |_|   |_|/_/   \_\___|_____|_____|____/ 
          \_\                                                            

TEST FAILED WITH ERROR: This will fath single service
---------------------------------------------------------------------
49243 [main] ERROR net.serenitybdd.core.Serenity - TEST FAILED AT STEP GET
49243 [main] ERROR net.serenitybdd.core.Serenity - Some exception during recording fields
49245 [main] INFO net.serenitybdd.core.Serenity - 
 _____ _____ ____ _____   ____ _____  _    ____ _____ _____ ____  
|_   _| ____/ ___|_   _| / ___|_   _|/ \  |  _ \_   _| ____|  _ \ 
  | | |  _| \___ \ | |   \___ \ | | / _ \ | |_) || | |  _| | | | |
  | | | |___ ___) || |    ___) || |/ ___ \|  _ < | | | |___| |_| |
  |_| |_____|____/ |_|   |____/ |_/_/   \_\_| \_\|_| |_____|____/ 
                                                                  

TEST STARTED: test003
-------------------------------------------------------------------
49245 [main] INFO net.serenitybdd.core.Serenity - TEST NUMBER: 11
]]></system-err>
  </testcase>
  <testcase name="test004" classname="bestbuy.serviceinfo.ServiceCurdInfo" time="4.095">
    <error type="java.lang.NullPointerException:">java.lang.NullPointerException: null
	at io.restassured.internal.print.ResponsePrinter.print(ResponsePrinter.java:46)
	at io.restassured.internal.ValidatableResponseOptionsImpl.logResponse(ValidatableResponseOptionsImpl.java:423)
	at io.restassured.internal.ValidatableResponseOptionsImpl.logResponse(ValidatableResponseOptionsImpl.java:419)
	at io.restassured.internal.ValidatableResponseOptionsImpl.logResponse(ValidatableResponseOptionsImpl.java:415)
	at io.restassured.internal.ValidatableResponseOptionsImpl.all(ValidatableResponseOptionsImpl.java:371)
	at bestbuy.serviceinfo.ServiceCurdInfo.test004(ServiceCurdInfo.java:52)
</error>
    <system-out><![CDATA[Request method:	DELETE
Request URI:	http://localhost:3030/services/0
Proxy:			<none>
Request params:	<none>
Query params:	<none>
Form params:	<none>
Path params:	serviceID=0
Multiparts:		<none>
Headers:		Accept=*/*
Cookies:		<none>
Body:			<none>
]]></system-out>
    <system-err><![CDATA[53310 [main] ERROR net.serenitybdd.core.Serenity - 
           __  _____ _____ ____ _____   _____ _    ___ _     _____ ____  
  _       / / |_   _| ____/ ___|_   _| |  ___/ \  |_ _| |   | ____|  _ \ 
 (_)_____| |    | | |  _| \___ \ | |   | |_ / _ \  | || |   |  _| | | | |
  _|_____| |    | | | |___ ___) || |   |  _/ ___ \ | || |___| |___| |_| |
 (_)     | |    |_| |_____|____/ |_|   |_|/_/   \_\___|_____|_____|____/ 
          \_\                                                            

TEST FAILED WITH ERROR: This will update service
---------------------------------------------------------------------
53310 [main] ERROR net.serenitybdd.core.Serenity - TEST FAILED AT STEP PATCH
53310 [main] ERROR net.serenitybdd.core.Serenity - Some exception during recording fields
53311 [main] INFO net.serenitybdd.core.Serenity - 
 _____ _____ ____ _____   ____ _____  _    ____ _____ _____ ____  
|_   _| ____/ ___|_   _| / ___|_   _|/ \  |  _ \_   _| ____|  _ \ 
  | | |  _| \___ \ | |   \___ \ | | / _ \ | |_) || | |  _| | | | |
  | | | |___ ___) || |    ___) || |/ ___ \|  _ < | | | |___| |_| |
  |_| |_____|____/ |_|   |____/ |_/_/   \_\_| \_\|_| |_____|____/ 
                                                                  

TEST STARTED: test004
-------------------------------------------------------------------
53311 [main] INFO net.serenitybdd.core.Serenity - TEST NUMBER: 12
]]></system-err>
  </testcase>
</testsuite>