<?xml version="1.0" encoding="UTF-8"?><testsuite errors="0" failures="0" name="bestbuy.storeinfo.StoreCurdInfo" skipped="0" tests="4" time="0.2" timestamp="2022-06-05T17:22:32.219+01:00[Europe/London]"><testcase classname="bestbuy.storeinfo.StoreCurdInfo" name="creat a store detail"/><testcase classname="bestbuy.storeinfo.StoreCurdInfo" name="Get single store detail"/><testcase classname="bestbuy.storeinfo.StoreCurdInfo" name="this will update store detail"/><testcase classname="bestbuy.storeinfo.StoreCurdInfo" name="this will delet storedetail"/></testsuite>