<?xml version="1.0" encoding="UTF-8"?><testsuite errors="0" failures="0" name="bestbuy.prodcutinfo.ProductCurdTest" skipped="0" tests="4" time="4.61" timestamp="2022-06-05T17:22:25.974+01:00[Europe/London]"><testcase classname="bestbuy.prodcutinfo.ProductCurdTest" name="this will creat new product "/><testcase classname="bestbuy.prodcutinfo.ProductCurdTest" name="This will fatch the product by id "/><testcase classname="bestbuy.prodcutinfo.ProductCurdTest" name="this will update  product "/><testcase classname="bestbuy.prodcutinfo.ProductCurdTest" name="This will delete product "/></testsuite>