<?xml version="1.0" encoding="UTF-8"?><testsuite errors="0" failures="0" name="bestbuy.categoriesinfo.CategoriesCurdInfo" skipped="0" tests="4" time="4.07" timestamp="2022-06-05T17:22:25.974+01:00[Europe/London]"><testcase classname="bestbuy.categoriesinfo.CategoriesCurdInfo" name="This will creat categories"/><testcase classname="bestbuy.categoriesinfo.CategoriesCurdInfo" name="This will fatch single category"/><testcase classname="bestbuy.categoriesinfo.CategoriesCurdInfo" name="This will update category"/><testcase classname="bestbuy.categoriesinfo.CategoriesCurdInfo" name="This will delete category"/></testsuite>