<?xml version="1.0" encoding="UTF-8"?><testsuite errors="0" failures="0" name="bestbuy.serviceinfo.ServiceCurdInfo" skipped="0" tests="4" time="0.5" timestamp="2022-06-05T17:22:31.676+01:00[Europe/London]"><testcase classname="bestbuy.serviceinfo.ServiceCurdInfo" name="this will creat service0"/><testcase classname="bestbuy.serviceinfo.ServiceCurdInfo" name="This will fath single service"/><testcase classname="bestbuy.serviceinfo.ServiceCurdInfo" name="This will update service"/><testcase classname="bestbuy.serviceinfo.ServiceCurdInfo" name="This will delete the service"/></testsuite>