<?xml version="1.0" encoding="UTF-8"?><testsuite errors="0" failures="2" name="End to End  Testing for product" skipped="0" tests="4" time="0.2" timestamp="2022-06-20T00:40:42.946+01:00[Europe/London]"><testcase name="Creat a new product"/><testcase name="Get a created product by ID"/><testcase name="Update product Detail ID"><failure message="1 expectation failed.&#10;Expected status code &lt;200&gt; but was &lt;404&gt;.&#10;" type="java.lang.AssertionError">1 expectation failed.
Expected status code &lt;200&gt; but was &lt;404&gt;.
</failure><system-err>1 expectation failed.
Expected status code &lt;200&gt; but was &lt;404&gt;.
&#13;
io.restassured.internal.ResponseSpecificationImpl.validateResponseIfRequired(ResponseSpecificationImpl.groovy:636)&#13;
io.restassured.internal.ResponseSpecificationImpl.statusCode(ResponseSpecificationImpl.groovy:122)&#13;
io.restassured.internal.ResponseSpecificationImpl.statusCode(ResponseSpecificationImpl.groovy:130)&#13;
io.restassured.internal.ValidatableResponseOptionsImpl.statusCode(ValidatableResponseOptionsImpl.java:117)&#13;
bestbuy.cucumber.StepDefinationFile.ProductStepdefs.userShouldGetHttpResponceCodeForUpdatingData(ProductStepdefs.java:77)&#13;
✽.Then User should get http responce code 200 for updating data(productfeature/ProductCurdTest.feature:17)&#13;
</system-err></testcase><testcase name="Delet product by ID"><failure message="1 expectation failed.&#10;Expected status code &lt;204&gt; but was &lt;404&gt;.&#10;" type="java.lang.AssertionError">1 expectation failed.
Expected status code &lt;204&gt; but was &lt;404&gt;.
</failure><system-err>1 expectation failed.
Expected status code &lt;204&gt; but was &lt;404&gt;.
&#13;
io.restassured.internal.ResponseSpecificationImpl.validateResponseIfRequired(ResponseSpecificationImpl.groovy:636)&#13;
io.restassured.internal.ResponseSpecificationImpl.statusCode(ResponseSpecificationImpl.groovy:122)&#13;
io.restassured.internal.ResponseSpecificationImpl.statusCode(ResponseSpecificationImpl.groovy:130)&#13;
io.restassured.internal.ValidatableResponseOptionsImpl.statusCode(ValidatableResponseOptionsImpl.java:117)&#13;
bestbuy.cucumber.StepDefinationFile.ProductStepdefs.userShouldGetResponseCodeForDeletingData(ProductStepdefs.java:87)&#13;
✽.Then User should get response code 204 for deleting data(productfeature/ProductCurdTest.feature:21)&#13;
</system-err></testcase></testsuite>